{"/home/raramuri/Videos/McAfee-auth-Official/McAfee-odrplat-auth0-ui/src/components/signup/SignupUI.js": {"path":"/home/raramuri/Videos/McAfee-auth-Official/McAfee-odrplat-auth0-ui/src/components/signup/SignupUI.js","statementMap":{"0":{"start":{"line":7,"column":17},"end":{"line":64,"column":1}},"1":{"start":{"line":17,"column":6},"end":{"line":17,"column":11}},"2":{"start":{"line":18,"column":27},"end":{"line":18,"column":49}},"3":{"start":{"line":19,"column":2},"end":{"line":63,"column":4}},"4":{"start":{"line":42,"column":16},"end":{"line":42,"column":43}}},"fnMap":{"0":{"name":"(anonymous_0)","decl":{"start":{"line":7,"column":17},"end":{"line":7,"column":18}},"loc":{"start":{"line":7,"column":28},"end":{"line":64,"column":1}},"line":7},"1":{"name":"(anonymous_1)","decl":{"start":{"line":41,"column":23},"end":{"line":41,"column":24}},"loc":{"start":{"line":41,"column":29},"end":{"line":43,"column":15}},"line":41}},"branchMap":{},"s":{"0":1,"1":1,"2":1,"3":1,"4":0},"f":{"0":1,"1":0},"b":{},"_coverageSchema":"1a1c01bbd47fc00a2c39e90264f33305004495a9","hash":"07acd589a88388698d41024f7749a0b6c8097dec"}
,"/home/raramuri/Videos/McAfee-auth-Official/McAfee-odrplat-auth0-ui/src/components/signup/index.js": {"path":"/home/raramuri/Videos/McAfee-auth-Official/McAfee-odrplat-auth0-ui/src/components/signup/index.js","statementMap":{"0":{"start":{"line":5,"column":15},"end":{"line":11,"column":1}},"1":{"start":{"line":6,"column":2},"end":{"line":10,"column":4}}},"fnMap":{"0":{"name":"(anonymous_0)","decl":{"start":{"line":5,"column":15},"end":{"line":5,"column":16}},"loc":{"start":{"line":5,"column":26},"end":{"line":11,"column":1}},"line":5}},"branchMap":{},"s":{"0":1,"1":1},"f":{"0":1},"b":{},"_coverageSchema":"1a1c01bbd47fc00a2c39e90264f33305004495a9","hash":"741365afc4e88a94cc0e35969b99296ee5f04a44"}
,"/home/raramuri/Videos/McAfee-auth-Official/McAfee-odrplat-auth0-ui/src/components/signup/test-utils/pageConfig.js": {"path":"/home/raramuri/Videos/McAfee-auth-Official/McAfee-odrplat-auth0-ui/src/components/signup/test-utils/pageConfig.js","statementMap":{"0":{"start":{"line":1,"column":30},"end":{"line":14,"column":1}}},"fnMap":{},"branchMap":{},"s":{"0":1},"f":{},"b":{},"_coverageSchema":"1a1c01bbd47fc00a2c39e90264f33305004495a9","hash":"c5b9535523c8e586e0e63e19d9bc9161daee27c9"}
,"/home/raramuri/Videos/McAfee-auth-Official/McAfee-odrplat-auth0-ui/src/localization/languageProvider.jsx": {"path":"/home/raramuri/Videos/McAfee-auth-Official/McAfee-odrplat-auth0-ui/src/localization/languageProvider.jsx","statementMap":{"0":{"start":{"line":6,"column":25},"end":{"line":14,"column":1}},"1":{"start":{"line":7,"column":4},"end":{"line":13,"column":19}}},"fnMap":{"0":{"name":"(anonymous_0)","decl":{"start":{"line":6,"column":25},"end":{"line":6,"column":26}},"loc":{"start":{"line":7,"column":4},"end":{"line":13,"column":19}},"line":7}},"branchMap":{},"s":{"0":1,"1":1},"f":{"0":1},"b":{},"_coverageSchema":"1a1c01bbd47fc00a2c39e90264f33305004495a9","hash":"c26d1f4668d479f5e7139b8756d14ab923c0e6e8"}
,"/home/raramuri/Videos/McAfee-auth-Official/McAfee-odrplat-auth0-ui/src/providers/AccountContext.jsx": {"path":"/home/raramuri/Videos/McAfee-auth-Official/McAfee-odrplat-auth0-ui/src/providers/AccountContext.jsx","statementMap":{"0":{"start":{"line":4,"column":23},"end":{"line":4,"column":46}},"1":{"start":{"line":6,"column":24},"end":{"line":145,"column":1}},"2":{"start":{"line":7,"column":39},"end":{"line":7,"column":54}},"3":{"start":{"line":9,"column":27},"end":{"line":12,"column":3}},"4":{"start":{"line":10,"column":4},"end":{"line":10,"column":50}},"5":{"start":{"line":11,"column":4},"end":{"line":11,"column":20}},"6":{"start":{"line":14,"column":24},"end":{"line":16,"column":3}},"7":{"start":{"line":15,"column":4},"end":{"line":15,"column":59}},"8":{"start":{"line":17,"column":2},"end":{"line":17,"column":32}},"9":{"start":{"line":18,"column":18},"end":{"line":29,"column":4}},"10":{"start":{"line":36,"column":25},"end":{"line":52,"column":3}},"11":{"start":{"line":37,"column":4},"end":{"line":51,"column":7}},"12":{"start":{"line":38,"column":6},"end":{"line":50,"column":8}},"13":{"start":{"line":43,"column":10},"end":{"line":48,"column":11}},"14":{"start":{"line":44,"column":12},"end":{"line":44,"column":29}},"15":{"start":{"line":45,"column":12},"end":{"line":45,"column":24}},"16":{"start":{"line":47,"column":12},"end":{"line":47,"column":25}},"17":{"start":{"line":54,"column":29},"end":{"line":73,"column":3}},"18":{"start":{"line":55,"column":4},"end":{"line":72,"column":7}},"19":{"start":{"line":56,"column":24},"end":{"line":60,"column":7}},"20":{"start":{"line":61,"column":6},"end":{"line":71,"column":9}},"21":{"start":{"line":62,"column":8},"end":{"line":66,"column":9}},"22":{"start":{"line":63,"column":10},"end":{"line":63,"column":27}},"23":{"start":{"line":64,"column":10},"end":{"line":64,"column":22}},"24":{"start":{"line":65,"column":10},"end":{"line":65,"column":17}},"25":{"start":{"line":67,"column":8},"end":{"line":70,"column":9}},"26":{"start":{"line":68,"column":10},"end":{"line":68,"column":49}},"27":{"start":{"line":69,"column":10},"end":{"line":69,"column":30}},"28":{"start":{"line":75,"column":19},"end":{"line":87,"column":3}},"29":{"start":{"line":76,"column":4},"end":{"line":86,"column":7}},"30":{"start":{"line":77,"column":24},"end":{"line":77,"column":68}},"31":{"start":{"line":78,"column":6},"end":{"line":85,"column":9}},"32":{"start":{"line":79,"column":8},"end":{"line":84,"column":9}},"33":{"start":{"line":80,"column":10},"end":{"line":80,"column":27}},"34":{"start":{"line":81,"column":10},"end":{"line":81,"column":22}},"35":{"start":{"line":83,"column":10},"end":{"line":83,"column":23}},"36":{"start":{"line":89,"column":19},"end":{"line":103,"column":3}},"37":{"start":{"line":90,"column":4},"end":{"line":102,"column":7}},"38":{"start":{"line":91,"column":6},"end":{"line":101,"column":8}},"39":{"start":{"line":94,"column":10},"end":{"line":99,"column":11}},"40":{"start":{"line":95,"column":12},"end":{"line":95,"column":24}},"41":{"start":{"line":97,"column":12},"end":{"line":97,"column":51}},"42":{"start":{"line":98,"column":12},"end":{"line":98,"column":25}},"43":{"start":{"line":105,"column":28},"end":{"line":126,"column":3}},"44":{"start":{"line":106,"column":4},"end":{"line":125,"column":7}},"45":{"start":{"line":107,"column":6},"end":{"line":124,"column":8}},"46":{"start":{"line":114,"column":10},"end":{"line":118,"column":11}},"47":{"start":{"line":115,"column":12},"end":{"line":115,"column":29}},"48":{"start":{"line":116,"column":12},"end":{"line":116,"column":24}},"49":{"start":{"line":117,"column":12},"end":{"line":117,"column":19}},"50":{"start":{"line":119,"column":10},"end":{"line":122,"column":11}},"51":{"start":{"line":120,"column":12},"end":{"line":120,"column":51}},"52":{"start":{"line":121,"column":12},"end":{"line":121,"column":32}},"53":{"start":{"line":128,"column":2},"end":{"line":144,"column":4}}},"fnMap":{"0":{"name":"(anonymous_0)","decl":{"start":{"line":6,"column":24},"end":{"line":6,"column":25}},"loc":{"start":{"line":6,"column":35},"end":{"line":145,"column":1}},"line":6},"1":{"name":"(anonymous_1)","decl":{"start":{"line":9,"column":27},"end":{"line":9,"column":28}},"loc":{"start":{"line":9,"column":42},"end":{"line":12,"column":3}},"line":9},"2":{"name":"(anonymous_2)","decl":{"start":{"line":14,"column":24},"end":{"line":14,"column":25}},"loc":{"start":{"line":14,"column":34},"end":{"line":16,"column":3}},"line":14},"3":{"name":"(anonymous_3)","decl":{"start":{"line":36,"column":25},"end":{"line":36,"column":26}},"loc":{"start":{"line":36,"column":35},"end":{"line":52,"column":3}},"line":36},"4":{"name":"(anonymous_4)","decl":{"start":{"line":37,"column":23},"end":{"line":37,"column":24}},"loc":{"start":{"line":37,"column":44},"end":{"line":51,"column":5}},"line":37},"5":{"name":"(anonymous_5)","decl":{"start":{"line":42,"column":8},"end":{"line":42,"column":9}},"loc":{"start":{"line":42,"column":22},"end":{"line":49,"column":9}},"line":42},"6":{"name":"(anonymous_6)","decl":{"start":{"line":54,"column":29},"end":{"line":54,"column":30}},"loc":{"start":{"line":54,"column":50},"end":{"line":73,"column":3}},"line":54},"7":{"name":"(anonymous_7)","decl":{"start":{"line":55,"column":23},"end":{"line":55,"column":24}},"loc":{"start":{"line":55,"column":44},"end":{"line":72,"column":5}},"line":55},"8":{"name":"(anonymous_8)","decl":{"start":{"line":61,"column":32},"end":{"line":61,"column":33}},"loc":{"start":{"line":61,"column":53},"end":{"line":71,"column":7}},"line":61},"9":{"name":"(anonymous_9)","decl":{"start":{"line":75,"column":19},"end":{"line":75,"column":20}},"loc":{"start":{"line":75,"column":30},"end":{"line":87,"column":3}},"line":75},"10":{"name":"(anonymous_10)","decl":{"start":{"line":76,"column":23},"end":{"line":76,"column":24}},"loc":{"start":{"line":76,"column":44},"end":{"line":86,"column":5}},"line":76},"11":{"name":"(anonymous_11)","decl":{"start":{"line":78,"column":43},"end":{"line":78,"column":44}},"loc":{"start":{"line":78,"column":57},"end":{"line":85,"column":7}},"line":78},"12":{"name":"(anonymous_12)","decl":{"start":{"line":89,"column":19},"end":{"line":89,"column":20}},"loc":{"start":{"line":89,"column":35},"end":{"line":103,"column":3}},"line":89},"13":{"name":"(anonymous_13)","decl":{"start":{"line":90,"column":23},"end":{"line":90,"column":24}},"loc":{"start":{"line":90,"column":44},"end":{"line":102,"column":5}},"line":90},"14":{"name":"(anonymous_14)","decl":{"start":{"line":93,"column":8},"end":{"line":93,"column":9}},"loc":{"start":{"line":93,"column":22},"end":{"line":100,"column":9}},"line":93},"15":{"name":"(anonymous_15)","decl":{"start":{"line":105,"column":28},"end":{"line":105,"column":29}},"loc":{"start":{"line":105,"column":52},"end":{"line":126,"column":3}},"line":105},"16":{"name":"(anonymous_16)","decl":{"start":{"line":106,"column":23},"end":{"line":106,"column":24}},"loc":{"start":{"line":106,"column":44},"end":{"line":125,"column":5}},"line":106},"17":{"name":"(anonymous_17)","decl":{"start":{"line":113,"column":8},"end":{"line":113,"column":9}},"loc":{"start":{"line":113,"column":29},"end":{"line":123,"column":9}},"line":113}},"branchMap":{"0":{"loc":{"start":{"line":43,"column":10},"end":{"line":48,"column":11}},"type":"if","locations":[{"start":{"line":43,"column":10},"end":{"line":48,"column":11}},{"start":{"line":43,"column":10},"end":{"line":48,"column":11}}],"line":43},"1":{"loc":{"start":{"line":62,"column":8},"end":{"line":66,"column":9}},"type":"if","locations":[{"start":{"line":62,"column":8},"end":{"line":66,"column":9}},{"start":{"line":62,"column":8},"end":{"line":66,"column":9}}],"line":62},"2":{"loc":{"start":{"line":67,"column":8},"end":{"line":70,"column":9}},"type":"if","locations":[{"start":{"line":67,"column":8},"end":{"line":70,"column":9}},{"start":{"line":67,"column":8},"end":{"line":70,"column":9}}],"line":67},"3":{"loc":{"start":{"line":79,"column":8},"end":{"line":84,"column":9}},"type":"if","locations":[{"start":{"line":79,"column":8},"end":{"line":84,"column":9}},{"start":{"line":79,"column":8},"end":{"line":84,"column":9}}],"line":79},"4":{"loc":{"start":{"line":94,"column":10},"end":{"line":99,"column":11}},"type":"if","locations":[{"start":{"line":94,"column":10},"end":{"line":99,"column":11}},{"start":{"line":94,"column":10},"end":{"line":99,"column":11}}],"line":94},"5":{"loc":{"start":{"line":114,"column":10},"end":{"line":118,"column":11}},"type":"if","locations":[{"start":{"line":114,"column":10},"end":{"line":118,"column":11}},{"start":{"line":114,"column":10},"end":{"line":118,"column":11}}],"line":114},"6":{"loc":{"start":{"line":119,"column":10},"end":{"line":122,"column":11}},"type":"if","locations":[{"start":{"line":119,"column":10},"end":{"line":122,"column":11}},{"start":{"line":119,"column":10},"end":{"line":122,"column":11}}],"line":119}},"s":{"0":1,"1":1,"2":1,"3":1,"4":0,"5":0,"6":1,"7":0,"8":1,"9":1,"10":1,"11":0,"12":0,"13":0,"14":0,"15":0,"16":0,"17":1,"18":0,"19":0,"20":0,"21":0,"22":0,"23":0,"24":0,"25":0,"26":0,"27":0,"28":1,"29":0,"30":0,"31":0,"32":0,"33":0,"34":0,"35":0,"36":1,"37":0,"38":0,"39":0,"40":0,"41":0,"42":0,"43":1,"44":0,"45":0,"46":0,"47":0,"48":0,"49":0,"50":0,"51":0,"52":0,"53":1},"f":{"0":1,"1":0,"2":0,"3":0,"4":0,"5":0,"6":0,"7":0,"8":0,"9":0,"10":0,"11":0,"12":0,"13":0,"14":0,"15":0,"16":0,"17":0},"b":{"0":[0,0],"1":[0,0],"2":[0,0],"3":[0,0],"4":[0,0],"5":[0,0],"6":[0,0]},"_coverageSchema":"1a1c01bbd47fc00a2c39e90264f33305004495a9","hash":"bca5868efdd9794b2a0a7bb3b2f8397cb570d259"}
,"/home/raramuri/Videos/McAfee-auth-Official/McAfee-odrplat-auth0-ui/src/providers/AppContext.jsx": {"path":"/home/raramuri/Videos/McAfee-auth-Official/McAfee-odrplat-auth0-ui/src/providers/AppContext.jsx","statementMap":{"0":{"start":{"line":3,"column":19},"end":{"line":3,"column":42}},"1":{"start":{"line":5,"column":20},"end":{"line":17,"column":1}},"2":{"start":{"line":6,"column":36},"end":{"line":6,"column":58}},"3":{"start":{"line":7,"column":2},"end":{"line":16,"column":4}}},"fnMap":{"0":{"name":"(anonymous_0)","decl":{"start":{"line":5,"column":20},"end":{"line":5,"column":21}},"loc":{"start":{"line":5,"column":31},"end":{"line":17,"column":1}},"line":5}},"branchMap":{},"s":{"0":1,"1":1,"2":1,"3":1},"f":{"0":1},"b":{},"_coverageSchema":"1a1c01bbd47fc00a2c39e90264f33305004495a9","hash":"3be004f3c48000b809dc05d089ac503967d474f6"}
,"/home/raramuri/Videos/McAfee-auth-Official/McAfee-odrplat-auth0-ui/src/providers/CommonDataContext.jsx": {"path":"/home/raramuri/Videos/McAfee-auth-Official/McAfee-odrplat-auth0-ui/src/providers/CommonDataContext.jsx","statementMap":{"0":{"start":{"line":5,"column":26},"end":{"line":5,"column":49}},"1":{"start":{"line":7,"column":27},"end":{"line":32,"column":1}},"2":{"start":{"line":8,"column":35},"end":{"line":8,"column":47}},"3":{"start":{"line":9,"column":4},"end":{"line":26,"column":11}},"4":{"start":{"line":10,"column":30},"end":{"line":24,"column":9}},"5":{"start":{"line":11,"column":24},"end":{"line":13,"column":13}},"6":{"start":{"line":14,"column":25},"end":{"line":14,"column":33}},"7":{"start":{"line":15,"column":12},"end":{"line":23,"column":13}},"8":{"start":{"line":16,"column":37},"end":{"line":16,"column":55}},"9":{"start":{"line":17,"column":33},"end":{"line":17,"column":57}},"10":{"start":{"line":18,"column":33},"end":{"line":20,"column":17}},"11":{"start":{"line":19,"column":30},"end":{"line":19,"column":59}},"12":{"start":{"line":21,"column":16},"end":{"line":21,"column":58}},"13":{"start":{"line":22,"column":16},"end":{"line":22,"column":34}},"14":{"start":{"line":25,"column":8},"end":{"line":25,"column":24}},"15":{"start":{"line":27,"column":4},"end":{"line":31,"column":6}}},"fnMap":{"0":{"name":"(anonymous_0)","decl":{"start":{"line":7,"column":27},"end":{"line":7,"column":28}},"loc":{"start":{"line":7,"column":38},"end":{"line":32,"column":1}},"line":7},"1":{"name":"(anonymous_1)","decl":{"start":{"line":9,"column":14},"end":{"line":9,"column":15}},"loc":{"start":{"line":9,"column":20},"end":{"line":26,"column":5}},"line":9},"2":{"name":"(anonymous_2)","decl":{"start":{"line":10,"column":30},"end":{"line":10,"column":31}},"loc":{"start":{"line":10,"column":42},"end":{"line":24,"column":9}},"line":10},"3":{"name":"(anonymous_3)","decl":{"start":{"line":19,"column":20},"end":{"line":19,"column":21}},"loc":{"start":{"line":19,"column":30},"end":{"line":19,"column":59}},"line":19}},"branchMap":{"0":{"loc":{"start":{"line":15,"column":12},"end":{"line":23,"column":13}},"type":"if","locations":[{"start":{"line":15,"column":12},"end":{"line":23,"column":13}},{"start":{"line":15,"column":12},"end":{"line":23,"column":13}}],"line":15}},"s":{"0":1,"1":1,"2":1,"3":1,"4":1,"5":1,"6":1,"7":1,"8":0,"9":0,"10":0,"11":0,"12":0,"13":0,"14":1,"15":1},"f":{"0":1,"1":1,"2":1,"3":0},"b":{"0":[0,1]},"_coverageSchema":"1a1c01bbd47fc00a2c39e90264f33305004495a9","hash":"d22e4c51fc3e32aee2cf71fc846d661b3b266ab7"}
}
